{.Container}},2.19%,35.91MiB / 32GiB
{.Container}},2.01%,35.91MiB / 32GiB
{.Container}},2.03%,35.91MiB / 32GiB
{.Container}},100.49%,275.1MiB / 32GiB
{.Container}},101.37%,2.175GiB / 32GiB
{.Container}},100.99%,1.647GiB / 32GiB
{.Container}},0.46%,1.488GiB / 32GiB
{.Container}},0.44%,1.487GiB / 32GiB
{.Container}},4680.35%,22.26GiB / 32GiB
{.Container}},0.46%,9.847GiB / 32GiB
{.Container}},0.45%,9.847GiB / 32GiB
{.Container}},0.44%,9.847GiB / 32GiB
{.Container}},0.42%,9.847GiB / 32GiB
{.Container}},2.04%,9.847GiB / 32GiB
{.Container}},0.46%,9.847GiB / 32GiB
{.Container}},0.46%,9.847GiB / 32GiB
{.Container}},0.43%,9.847GiB / 32GiB
{.Container}},0.45%,9.847GiB / 32GiB
{.Container}},0.45%,9.847GiB / 32GiB
{.Container}},0.45%,9.847GiB / 32GiB
{.Container}},0.43%,9.847GiB / 32GiB
{.Container}},0.42%,9.847GiB / 32GiB
{.Container}},0.41%,9.847GiB / 32GiB
{.Container}},0.41%,9.847GiB / 32GiB
{.Container}},0.43%,9.847GiB / 32GiB
{.Container}},0.42%,9.847GiB / 32GiB
{.Container}},0.43%,9.847GiB / 32GiB
{.Container}},0.44%,9.847GiB / 32GiB
{.Container}},0.45%,9.847GiB / 32GiB
{.Container}},0.42%,9.847GiB / 32GiB
{.Container}},0.42%,9.847GiB / 32GiB
{.Container}},0.44%,9.847GiB / 32GiB
{.Container}},0.43%,9.847GiB / 32GiB
{.Container}},0.45%,9.847GiB / 32GiB
{.Container}},0.43%,9.847GiB / 32GiB
{.Container}},0.43%,9.847GiB / 32GiB
{.Container}},0.42%,9.847GiB / 32GiB
{.Container}},0.44%,9.847GiB / 32GiB
{.Container}},0.43%,9.847GiB / 32GiB
{.Container}},0.43%,9.847GiB / 32GiB
{.Container}},0.44%,9.847GiB / 32GiB
{.Container}},0.45%,9.847GiB / 32GiB
{.Container}},0.43%,9.847GiB / 32GiB
{.Container}},0.44%,9.847GiB / 32GiB
{.Container}},0.45%,9.847GiB / 32GiB
{.Container}},0.43%,9.847GiB / 32GiB
{.Container}},0.42%,9.847GiB / 32GiB
{.Container}},0.42%,9.847GiB / 32GiB
{.Container}},0.42%,9.847GiB / 32GiB
{.Container}},0.43%,9.847GiB / 32GiB
{.Container}},0.42%,9.847GiB / 32GiB
{.Container}},0.43%,9.847GiB / 32GiB
{.Container}},0.43%,9.847GiB / 32GiB
{.Container}},0.43%,9.847GiB / 32GiB
{.Container}},0.40%,9.847GiB / 32GiB
{.Container}},0.43%,9.847GiB / 32GiB
{.Container}},0.44%,9.847GiB / 32GiB
{.Container}},0.43%,9.847GiB / 32GiB
{.Container}},0.43%,9.847GiB / 32GiB
{.Container}},0.44%,9.847GiB / 32GiB
{.Container}},0.43%,9.847GiB / 32GiB
{.Container}},0.43%,9.847GiB / 32GiB
{.Container}},0.41%,9.847GiB / 32GiB
{.Container}},0.41%,9.847GiB / 32GiB
{.Container}},0.42%,9.847GiB / 32GiB
{.Container}},0.43%,9.847GiB / 32GiB
{.Container}},0.43%,9.847GiB / 32GiB
{.Container}},0.44%,9.847GiB / 32GiB
{.Container}},0.43%,9.847GiB / 32GiB
{.Container}},0.44%,9.847GiB / 32GiB
{.Container}},0.43%,9.847GiB / 32GiB
{.Container}},0.44%,9.847GiB / 32GiB
{.Container}},0.45%,9.847GiB / 32GiB
{.Container}},0.43%,9.847GiB / 32GiB
{.Container}},0.43%,9.847GiB / 32GiB
{.Container}},0.44%,9.847GiB / 32GiB
{.Container}},0.44%,9.847GiB / 32GiB
{.Container}},0.46%,9.847GiB / 32GiB
{.Container}},0.46%,9.847GiB / 32GiB
{.Container}},0.46%,9.847GiB / 32GiB
{.Container}},0.44%,9.847GiB / 32GiB
{.Container}},0.43%,9.847GiB / 32GiB
{.Container}},0.45%,9.847GiB / 32GiB
{.Container}},0.45%,9.847GiB / 32GiB
{.Container}},0.44%,9.847GiB / 32GiB
{.Container}},0.45%,9.847GiB / 32GiB
{.Container}},0.44%,9.847GiB / 32GiB
{.Container}},0.45%,9.847GiB / 32GiB
{.Container}},0.44%,9.847GiB / 32GiB
{.Container}},0.46%,9.847GiB / 32GiB
{.Container}},1.97%,36.37MiB / 32GiB
{.Container}},101.35%,190.9MiB / 32GiB
{.Container}},100.50%,1.988GiB / 32GiB
{.Container}},100.44%,2.379GiB / 32GiB
{.Container}},0.44%,1.528GiB / 32GiB
{.Container}},0.45%,1.528GiB / 32GiB
{.Container}},0.42%,1.528GiB / 32GiB
{.Container}},0.43%,1.528GiB / 32GiB
{.Container}},0.44%,1.528GiB / 32GiB
{.Container}},0.48%,1.527GiB / 32GiB
{.Container}},0.48%,1.527GiB / 32GiB
{.Container}},0.45%,1.528GiB / 32GiB
{.Container}},0.45%,1.529GiB / 32GiB
{.Container}},589.13%,2.966GiB / 32GiB
{.Container}},0.42%,9.848GiB / 32GiB
{.Container}},0.42%,9.847GiB / 32GiB
{.Container}},0.44%,9.848GiB / 32GiB
{.Container}},0.42%,9.848GiB / 32GiB
{.Container}},0.44%,9.848GiB / 32GiB
{.Container}},0.44%,9.848GiB / 32GiB
{.Container}},0.42%,9.848GiB / 32GiB
{.Container}},0.41%,9.848GiB / 32GiB
{.Container}},0.78%,9.848GiB / 32GiB
{.Container}},354.53%,11.14GiB / 32GiB
{.Container}},1206.02%,10.88GiB / 32GiB
{.Container}},4815.30%,19.57GiB / 32GiB
{.Container}},4768.26%,19.87GiB / 32GiB
{.Container}},348.99%,18.39GiB / 32GiB
{.Container}},1231.63%,17.91GiB / 32GiB
{.Container}},4802.28%,19.54GiB / 32GiB
{.Container}},1205.01%,15.49GiB / 32GiB
{.Container}},1226.90%,15.52GiB / 32GiB
{.Container}},4814.70%,19.59GiB / 32GiB
{.Container}},4798.42%,19.9GiB / 32GiB
{.Container}},36.38%,1.905GiB / 32GiB
{.Container}},0.42%,1.904GiB / 32GiB
{.Container}},0.44%,1.904GiB / 32GiB
{.Container}},0.44%,1.904GiB / 32GiB
{.Container}},0.44%,1.904GiB / 32GiB
{.Container}},0.44%,1.904GiB / 32GiB
{.Container}},0.45%,1.904GiB / 32GiB
{.Container}},0.44%,1.904GiB / 32GiB
{.Container}},0.47%,1.904GiB / 32GiB
{.Container}},0.44%,1.904GiB / 32GiB
{.Container}},0.44%,1.904GiB / 32GiB
{.Container}},0.44%,1.904GiB / 32GiB
{.Container}},0.44%,1.904GiB / 32GiB
{.Container}},0.44%,1.904GiB / 32GiB
{.Container}},0.44%,1.904GiB / 32GiB
{.Container}},0.44%,1.904GiB / 32GiB
{.Container}},0.44%,1.904GiB / 32GiB
{.Container}},0.44%,1.904GiB / 32GiB
{.Container}},0.44%,1.904GiB / 32GiB
{.Container}},0.45%,1.904GiB / 32GiB
{.Container}},0.44%,1.904GiB / 32GiB
{.Container}},0.44%,1.904GiB / 32GiB
{.Container}},0.46%,1.904GiB / 32GiB
{.Container}},0.43%,1.904GiB / 32GiB
{.Container}},0.44%,1.904GiB / 32GiB
{.Container}},0.44%,1.904GiB / 32GiB
{.Container}},0.44%,1.904GiB / 32GiB
{.Container}},0.44%,1.904GiB / 32GiB
{.Container}},0.44%,1.904GiB / 32GiB
{.Container}},0.45%,1.904GiB / 32GiB
{.Container}},0.44%,1.904GiB / 32GiB
{.Container}},0.45%,1.904GiB / 32GiB
{.Container}},0.42%,1.904GiB / 32GiB
{.Container}},0.45%,1.904GiB / 32GiB
{.Container}},0.44%,1.904GiB / 32GiB
{.Container}},0.45%,1.904GiB / 32GiB
{.Container}},0.46%,1.904GiB / 32GiB
{.Container}},0.46%,1.904GiB / 32GiB
{.Container}},0.49%,1.904GiB / 32GiB
{.Container}},0.47%,1.904GiB / 32GiB
{.Container}},0.47%,1.904GiB / 32GiB
{.Container}},0.46%,1.904GiB / 32GiB
{.Container}},0.44%,1.904GiB / 32GiB
{.Container}},0.44%,1.904GiB / 32GiB
{.Container}},0.45%,1.904GiB / 32GiB
{.Container}},0.45%,1.904GiB / 32GiB
{.Container}},0.44%,1.904GiB / 32GiB
{.Container}},0.44%,1.904GiB / 32GiB
{.Container}},0.45%,1.904GiB / 32GiB
{.Container}},0.44%,1.904GiB / 32GiB
{.Container}},0.45%,1.904GiB / 32GiB
{.Container}},0.44%,1.904GiB / 32GiB
{.Container}},0.43%,1.904GiB / 32GiB
{.Container}},0.45%,1.904GiB / 32GiB
{.Container}},0.42%,1.904GiB / 32GiB
{.Container}},0.97%,1.904GiB / 32GiB
{.Container}},0.43%,1.904GiB / 32GiB
{.Container}},1.45%,1.904GiB / 32GiB
{.Container}},0.44%,1.904GiB / 32GiB
{.Container}},0.44%,1.904GiB / 32GiB
{.Container}},2.03%,35.89MiB / 32GiB
{.Container}},669.91%,329.8MiB / 32GiB
{.Container}},102.10%,2.175GiB / 32GiB
{.Container}},100.22%,2.157GiB / 32GiB
{.Container}},3987.19%,18.6GiB / 32GiB
{.Container}},0.45%,9.847GiB / 32GiB
{.Container}},0.46%,9.846GiB / 32GiB
{.Container}},0.45%,9.846GiB / 32GiB
{.Container}},818.93%,11.91GiB / 32GiB
{.Container}},0.45%,9.847GiB / 32GiB
{.Container}},12.62%,9.847GiB / 32GiB
{.Container}},4.36%,9.849GiB / 32GiB
{.Container}},0.47%,9.849GiB / 32GiB
{.Container}},0.45%,9.849GiB / 32GiB
{.Container}},0.46%,9.849GiB / 32GiB
{.Container}},0.48%,9.849GiB / 32GiB
{.Container}},0.47%,9.849GiB / 32GiB
{.Container}},0.46%,9.849GiB / 32GiB
{.Container}},0.45%,9.849GiB / 32GiB
{.Container}},0.46%,9.848GiB / 32GiB
{.Container}},0.45%,9.848GiB / 32GiB
{.Container}},0.45%,9.848GiB / 32GiB
{.Container}},0.44%,9.848GiB / 32GiB
{.Container}},0.45%,9.848GiB / 32GiB
{.Container}},0.45%,9.848GiB / 32GiB
{.Container}},0.46%,9.848GiB / 32GiB
{.Container}},0.48%,9.848GiB / 32GiB
{.Container}},0.46%,9.848GiB / 32GiB
{.Container}},0.45%,9.848GiB / 32GiB
{.Container}},0.45%,9.848GiB / 32GiB
{.Container}},0.46%,9.848GiB / 32GiB
{.Container}},0.47%,9.848GiB / 32GiB
{.Container}},0.47%,9.848GiB / 32GiB
{.Container}},0.45%,9.848GiB / 32GiB
{.Container}},0.45%,9.848GiB / 32GiB
{.Container}},0.44%,9.848GiB / 32GiB
{.Container}},0.44%,9.848GiB / 32GiB
{.Container}},0.44%,9.848GiB / 32GiB
{.Container}},0.44%,9.848GiB / 32GiB
{.Container}},0.47%,9.848GiB / 32GiB
{.Container}},0.46%,9.848GiB / 32GiB
{.Container}},0.46%,9.848GiB / 32GiB
{.Container}},0.45%,9.848GiB / 32GiB
{.Container}},0.45%,9.848GiB / 32GiB
{.Container}},0.45%,9.848GiB / 32GiB
{.Container}},0.45%,9.848GiB / 32GiB
{.Container}},0.44%,9.848GiB / 32GiB
{.Container}},0.45%,9.848GiB / 32GiB
{.Container}},0.45%,9.848GiB / 32GiB
{.Container}},0.51%,9.848GiB / 32GiB
{.Container}},0.44%,9.848GiB / 32GiB
{.Container}},0.45%,9.848GiB / 32GiB
{.Container}},0.44%,9.848GiB / 32GiB
{.Container}},0.47%,9.848GiB / 32GiB
{.Container}},0.45%,9.848GiB / 32GiB
{.Container}},0.45%,9.848GiB / 32GiB
{.Container}},0.46%,9.848GiB / 32GiB
{.Container}},0.45%,9.848GiB / 32GiB
{.Container}},0.46%,9.848GiB / 32GiB
{.Container}},0.46%,9.848GiB / 32GiB
{.Container}},0.45%,9.848GiB / 32GiB
{.Container}},0.44%,9.848GiB / 32GiB
{.Container}},0.44%,9.848GiB / 32GiB
{.Container}},0.44%,9.848GiB / 32GiB
{.Container}},0.44%,9.848GiB / 32GiB
{.Container}},0.45%,9.848GiB / 32GiB
{.Container}},0.44%,9.848GiB / 32GiB
{.Container}},0.43%,9.848GiB / 32GiB
{.Container}},0.43%,9.848GiB / 32GiB
{.Container}},0.48%,9.848GiB / 32GiB
{.Container}},0.45%,9.848GiB / 32GiB
{.Container}},0.44%,9.848GiB / 32GiB
{.Container}},0.45%,9.848GiB / 32GiB
{.Container}},0.45%,9.848GiB / 32GiB
{.Container}},0.45%,9.848GiB / 32GiB
{.Container}},0.44%,9.848GiB / 32GiB
{.Container}},0.46%,9.848GiB / 32GiB
{.Container}},0.46%,9.848GiB / 32GiB
{.Container}},0.47%,9.848GiB / 32GiB
{.Container}},0.45%,9.848GiB / 32GiB
{.Container}},0.44%,9.848GiB / 32GiB
{.Container}},0.45%,9.848GiB / 32GiB
{.Container}},0.44%,9.848GiB / 32GiB
{.Container}},0.44%,9.848GiB / 32GiB
{.Container}},0.44%,9.848GiB / 32GiB
{.Container}},0.44%,9.848GiB / 32GiB
{.Container}},0.44%,9.848GiB / 32GiB
{.Container}},0.44%,9.848GiB / 32GiB
{.Container}},0.45%,9.848GiB / 32GiB
{.Container}},0.44%,9.848GiB / 32GiB
{.Container}},0.43%,9.848GiB / 32GiB
{.Container}},0.41%,9.848GiB / 32GiB
{.Container}},0.44%,9.848GiB / 32GiB
{.Container}},0.43%,9.848GiB / 32GiB
{.Container}},0.43%,9.848GiB / 32GiB
{.Container}},0.42%,9.848GiB / 32GiB
{.Container}},0.43%,9.848GiB / 32GiB
{.Container}},0.43%,9.848GiB / 32GiB
{.Container}},0.42%,9.848GiB / 32GiB
{.Container}},0.42%,9.848GiB / 32GiB
{.Container}},0.42%,9.848GiB / 32GiB
{.Container}},0.42%,9.848GiB / 32GiB
{.Container}},0.43%,9.848GiB / 32GiB
{.Container}},0.44%,9.848GiB / 32GiB
{.Container}},0.40%,9.848GiB / 32GiB
{.Container}},0.42%,9.848GiB / 32GiB
{.Container}},0.44%,9.848GiB / 32GiB
{.Container}},0.39%,9.848GiB / 32GiB
{.Container}},0.44%,9.848GiB / 32GiB
{.Container}},0.44%,9.848GiB / 32GiB
{.Container}},0.42%,9.848GiB / 32GiB
{.Container}},0.44%,9.848GiB / 32GiB
{.Container}},0.42%,9.848GiB / 32GiB
{.Container}},0.41%,9.848GiB / 32GiB
{.Container}},0.41%,9.848GiB / 32GiB
{.Container}},0.42%,9.848GiB / 32GiB
{.Container}},0.42%,9.848GiB / 32GiB
{.Container}},0.42%,9.848GiB / 32GiB
{.Container}},0.42%,9.848GiB / 32GiB
{.Container}},0.41%,9.848GiB / 32GiB
{.Container}},0.43%,9.848GiB / 32GiB
{.Container}},0.43%,9.848GiB / 32GiB
{.Container}},0.43%,9.848GiB / 32GiB
{.Container}},0.42%,9.848GiB / 32GiB
{.Container}},0.41%,9.848GiB / 32GiB
{.Container}},0.40%,9.848GiB / 32GiB
{.Container}},0.42%,9.848GiB / 32GiB
{.Container}},0.40%,9.848GiB / 32GiB
{.Container}},0.44%,9.848GiB / 32GiB
{.Container}},0.43%,9.848GiB / 32GiB
{.Container}},0.48%,9.848GiB / 32GiB
{.Container}},0.42%,9.848GiB / 32GiB
{.Container}},0.42%,9.848GiB / 32GiB
{.Container}},1.97%,35.89MiB / 32GiB
{.Container}},669.59%,333.6MiB / 32GiB
{.Container}},102.23%,1.34GiB / 32GiB
{.Container}},100.08%,2.904GiB / 32GiB
{.Container}},0.46%,1.502GiB / 32GiB
{.Container}},2.34%,1.501GiB / 32GiB
{.Container}},0.44%,1.518GiB / 32GiB
{.Container}},0.46%,1.734GiB / 32GiB
{.Container}},4048.25%,14.34GiB / 32GiB
{.Container}},2300.79%,32GiB / 32GiB
{.Container}},1014.90%,20.73GiB / 32GiB
{.Container}},2.02%,36MiB / 32GiB
{.Container}},100.55%,377.5MiB / 32GiB
{.Container}},100.50%,528.5MiB / 32GiB
{.Container}},100.12%,1.719GiB / 32GiB
{.Container}},10.39%,1.545GiB / 32GiB
{.Container}},0.43%,1.761GiB / 32GiB
{.Container}},0.42%,1.761GiB / 32GiB
{.Container}},0.42%,1.778GiB / 32GiB
{.Container}},2451.67%,14.04GiB / 32GiB
{.Container}},0.40%,9.864GiB / 32GiB
{.Container}},0.42%,9.863GiB / 32GiB
{.Container}},0.45%,9.863GiB / 32GiB
{.Container}},0.45%,9.863GiB / 32GiB
{.Container}},0.45%,9.863GiB / 32GiB
{.Container}},0.45%,9.863GiB / 32GiB
{.Container}},0.46%,9.863GiB / 32GiB
{.Container}},0.44%,9.863GiB / 32GiB
{.Container}},0.45%,9.863GiB / 32GiB
{.Container}},0.46%,9.863GiB / 32GiB
{.Container}},0.43%,9.863GiB / 32GiB
{.Container}},0.43%,9.863GiB / 32GiB
{.Container}},0.43%,9.863GiB / 32GiB
{.Container}},0.44%,9.863GiB / 32GiB
{.Container}},0.42%,9.863GiB / 32GiB
{.Container}},0.43%,9.863GiB / 32GiB
{.Container}},0.43%,9.863GiB / 32GiB
{.Container}},0.43%,9.863GiB / 32GiB
{.Container}},0.43%,9.863GiB / 32GiB
{.Container}},0.42%,9.863GiB / 32GiB
{.Container}},0.45%,9.863GiB / 32GiB
{.Container}},0.44%,9.863GiB / 32GiB
{.Container}},0.44%,9.863GiB / 32GiB
{.Container}},0.44%,9.863GiB / 32GiB
{.Container}},0.43%,9.863GiB / 32GiB
{.Container}},0.43%,9.863GiB / 32GiB
{.Container}},0.44%,9.863GiB / 32GiB
{.Container}},0.43%,9.863GiB / 32GiB
{.Container}},0.45%,9.863GiB / 32GiB
{.Container}},0.44%,9.863GiB / 32GiB
{.Container}},0.45%,9.863GiB / 32GiB
{.Container}},0.44%,9.863GiB / 32GiB
{.Container}},0.40%,9.863GiB / 32GiB
{.Container}},0.44%,9.863GiB / 32GiB
{.Container}},0.44%,9.863GiB / 32GiB
{.Container}},0.44%,9.863GiB / 32GiB
{.Container}},0.44%,9.863GiB / 32GiB
{.Container}},0.44%,9.863GiB / 32GiB
{.Container}},0.45%,9.863GiB / 32GiB
{.Container}},0.44%,9.863GiB / 32GiB
{.Container}},0.47%,9.863GiB / 32GiB
{.Container}},0.46%,9.863GiB / 32GiB
{.Container}},0.45%,9.863GiB / 32GiB
{.Container}},0.49%,9.863GiB / 32GiB
{.Container}},0.45%,9.863GiB / 32GiB
{.Container}},0.44%,9.863GiB / 32GiB
{.Container}},0.43%,9.863GiB / 32GiB
{.Container}},0.45%,9.863GiB / 32GiB
{.Container}},0.43%,9.863GiB / 32GiB
{.Container}},0.44%,9.863GiB / 32GiB
{.Container}},0.45%,9.863GiB / 32GiB
{.Container}},0.43%,9.863GiB / 32GiB
{.Container}},0.44%,9.863GiB / 32GiB
{.Container}},0.44%,9.863GiB / 32GiB
{.Container}},0.44%,9.863GiB / 32GiB
{.Container}},0.44%,9.863GiB / 32GiB
{.Container}},0.44%,9.863GiB / 32GiB
{.Container}},0.43%,9.863GiB / 32GiB
{.Container}},0.44%,9.863GiB / 32GiB
{.Container}},0.44%,9.863GiB / 32GiB
{.Container}},0.44%,9.863GiB / 32GiB
{.Container}},0.44%,9.863GiB / 32GiB
{.Container}},0.44%,9.863GiB / 32GiB
{.Container}},0.44%,9.863GiB / 32GiB
{.Container}},0.44%,9.863GiB / 32GiB
{.Container}},0.43%,9.863GiB / 32GiB
{.Container}},0.43%,9.863GiB / 32GiB
{.Container}},0.44%,9.863GiB / 32GiB
{.Container}},0.44%,9.863GiB / 32GiB
{.Container}},0.45%,9.863GiB / 32GiB
{.Container}},0.44%,9.863GiB / 32GiB
{.Container}},0.44%,9.863GiB / 32GiB
{.Container}},0.45%,9.863GiB / 32GiB
{.Container}},0.45%,9.863GiB / 32GiB
{.Container}},0.44%,9.863GiB / 32GiB
{.Container}},0.45%,9.863GiB / 32GiB
{.Container}},0.44%,9.863GiB / 32GiB
{.Container}},0.47%,9.863GiB / 32GiB
{.Container}},0.47%,9.863GiB / 32GiB
{.Container}},0.47%,9.863GiB / 32GiB
{.Container}},0.46%,9.863GiB / 32GiB
{.Container}},0.47%,9.863GiB / 32GiB
{.Container}},0.89%,9.863GiB / 32GiB
{.Container}},0.44%,9.863GiB / 32GiB
{.Container}},0.44%,9.863GiB / 32GiB
{.Container}},2.78%,9.863GiB / 32GiB
{.Container}},4107.07%,21.48GiB / 32GiB
{.Container}},1840.36%,12.26GiB / 32GiB
{.Container}},1958.07%,11.53GiB / 32GiB
{.Container}},0.37%,11.16GiB / 32GiB
{.Container}},0.41%,11.16GiB / 32GiB
{.Container}},0.41%,11.16GiB / 32GiB
{.Container}},0.42%,11.16GiB / 32GiB
{.Container}},0.43%,11.16GiB / 32GiB
{.Container}},0.44%,11.16GiB / 32GiB
{.Container}},0.47%,11.16GiB / 32GiB
{.Container}},1906.93%,11.84GiB / 32GiB
{.Container}},0.43%,11.16GiB / 32GiB
{.Container}},1653.60%,11.61GiB / 32GiB
{.Container}},0.43%,11.16GiB / 32GiB
{.Container}},0.43%,11.16GiB / 32GiB
{.Container}},0.44%,11.16GiB / 32GiB
{.Container}},0.44%,11.16GiB / 32GiB
{.Container}},0.41%,11.16GiB / 32GiB
{.Container}},0.43%,11.16GiB / 32GiB
{.Container}},0.43%,11.16GiB / 32GiB
{.Container}},0.44%,11.16GiB / 32GiB
{.Container}},0.43%,11.16GiB / 32GiB
{.Container}},0.43%,11.16GiB / 32GiB
{.Container}},0.43%,11.16GiB / 32GiB
{.Container}},0.44%,11.16GiB / 32GiB
{.Container}},0.45%,11.16GiB / 32GiB
{.Container}},0.44%,11.16GiB / 32GiB
{.Container}},0.43%,11.16GiB / 32GiB
{.Container}},0.45%,11.16GiB / 32GiB
{.Container}},0.44%,11.16GiB / 32GiB
{.Container}},0.43%,11.16GiB / 32GiB
{.Container}},0.43%,11.16GiB / 32GiB
{.Container}},0.44%,11.16GiB / 32GiB
{.Container}},0.43%,11.16GiB / 32GiB
{.Container}},0.42%,11.16GiB / 32GiB
{.Container}},0.44%,11.16GiB / 32GiB
{.Container}},0.42%,11.16GiB / 32GiB
{.Container}},0.42%,11.16GiB / 32GiB
{.Container}},0.44%,11.16GiB / 32GiB
{.Container}},0.44%,11.16GiB / 32GiB
{.Container}},0.41%,11.16GiB / 32GiB
{.Container}},0.42%,11.16GiB / 32GiB
{.Container}},0.43%,11.16GiB / 32GiB
{.Container}},0.42%,11.16GiB / 32GiB
{.Container}},0.42%,11.16GiB / 32GiB
{.Container}},0.42%,11.16GiB / 32GiB
{.Container}},0.45%,11.16GiB / 32GiB
{.Container}},0.42%,11.16GiB / 32GiB
{.Container}},0.43%,11.16GiB / 32GiB
{.Container}},0.42%,11.16GiB / 32GiB
{.Container}},0.44%,11.16GiB / 32GiB
{.Container}},0.43%,11.16GiB / 32GiB
{.Container}},0.42%,11.16GiB / 32GiB
{.Container}},0.43%,11.16GiB / 32GiB
{.Container}},0.48%,11.16GiB / 32GiB
{.Container}},0.46%,11.16GiB / 32GiB
{.Container}},0.44%,11.16GiB / 32GiB
{.Container}},0.42%,11.16GiB / 32GiB
{.Container}},1.29%,11.16GiB / 32GiB
{.Container}},2.20%,11.16GiB / 32GiB
{.Container}},2.64%,11.16GiB / 32GiB
{.Container}},0.42%,11.16GiB / 32GiB
{.Container}},0.42%,11.16GiB / 32GiB
{.Container}},0.42%,11.16GiB / 32GiB
{.Container}},0.42%,11.16GiB / 32GiB
{.Container}},0.44%,11.16GiB / 32GiB
{.Container}},0.42%,11.16GiB / 32GiB
{.Container}},0.45%,11.16GiB / 32GiB
{.Container}},0.44%,11.16GiB / 32GiB
{.Container}},0.43%,11.16GiB / 32GiB
{.Container}},16.47%,36.39MiB / 32GiB
{.Container}},90.51%,165MiB / 32GiB
{.Container}},100.75%,1.831GiB / 32GiB
{.Container}},100.47%,2.181GiB / 32GiB
{.Container}},0.45%,1.531GiB / 32GiB
{.Container}},0.45%,1.754GiB / 32GiB
{.Container}},0.45%,1.754GiB / 32GiB
{.Container}},0.81%,1.754GiB / 32GiB
{.Container}},4808.94%,17.76GiB / 32GiB
{.Container}},0.34%,1.79GiB / 32GiB
{.Container}},0.44%,1.789GiB / 32GiB
{.Container}},594.89%,1.791GiB / 32GiB
{.Container}},1.95%,35.89MiB / 32GiB
{.Container}},1.93%,35.89MiB / 32GiB
{.Container}},1.93%,35.89MiB / 32GiB
{.Container}},2.00%,35.89MiB / 32GiB
{.Container}},1.97%,35.89MiB / 32GiB
{.Container}},1.95%,35.89MiB / 32GiB
{.Container}},1.94%,35.89MiB / 32GiB
{.Container}},1.97%,35.89MiB / 32GiB
{.Container}},1.94%,35.89MiB / 32GiB
{.Container}},1.96%,35.88MiB / 32GiB
{.Container}},1.95%,35.88MiB / 32GiB
{.Container}},1.97%,35.88MiB / 32GiB
{.Container}},1.96%,35.88MiB / 32GiB
{.Container}},2.02%,35.88MiB / 32GiB
{.Container}},1.97%,35.88MiB / 32GiB
{.Container}},1.94%,35.88MiB / 32GiB
{.Container}},1.95%,35.88MiB / 32GiB
{.Container}},100.45%,410.9MiB / 32GiB
{.Container}},100.33%,520.5MiB / 32GiB
{.Container}},67.85%,1.495GiB / 32GiB
{.Container}},880.31%,1.775GiB / 32GiB
{.Container}},2481.16%,6.345GiB / 32GiB
{.Container}},4.78%,1.775GiB / 32GiB
{.Container}},0.46%,1.775GiB / 32GiB
{.Container}},0.44%,1.775GiB / 32GiB
{.Container}},0.44%,1.775GiB / 32GiB
{.Container}},0.46%,1.775GiB / 32GiB
{.Container}},0.43%,1.775GiB / 32GiB
{.Container}},0.44%,1.775GiB / 32GiB
{.Container}},0.43%,1.774GiB / 32GiB
{.Container}},0.43%,1.774GiB / 32GiB
{.Container}},0.44%,1.774GiB / 32GiB
{.Container}},0.42%,1.774GiB / 32GiB
{.Container}},0.43%,1.774GiB / 32GiB
{.Container}},0.44%,1.774GiB / 32GiB
{.Container}},3110.88%,9.766GiB / 32GiB
{.Container}},0.42%,1.775GiB / 32GiB
{.Container}},0.43%,1.775GiB / 32GiB
{.Container}},0.43%,1.775GiB / 32GiB
{.Container}},0.42%,1.775GiB / 32GiB
{.Container}},0.42%,1.775GiB / 32GiB
{.Container}},0.43%,1.775GiB / 32GiB
{.Container}},0.43%,1.774GiB / 32GiB
{.Container}},0.44%,1.774GiB / 32GiB
{.Container}},0.43%,1.774GiB / 32GiB
{.Container}},0.43%,1.774GiB / 32GiB
{.Container}},0.44%,1.774GiB / 32GiB
{.Container}},0.43%,1.774GiB / 32GiB
{.Container}},0.52%,1.774GiB / 32GiB
{.Container}},0.50%,1.774GiB / 32GiB
{.Container}},0.46%,1.774GiB / 32GiB
{.Container}},0.44%,1.774GiB / 32GiB
{.Container}},0.46%,1.774GiB / 32GiB
{.Container}},0.44%,1.774GiB / 32GiB
{.Container}},0.44%,1.774GiB / 32GiB
{.Container}},0.45%,1.774GiB / 32GiB
{.Container}},0.42%,1.774GiB / 32GiB
{.Container}},0.44%,1.774GiB / 32GiB
{.Container}},0.44%,1.774GiB / 32GiB
{.Container}},0.46%,1.774GiB / 32GiB
{.Container}},0.46%,1.774GiB / 32GiB
{.Container}},0.48%,1.774GiB / 32GiB
{.Container}},0.48%,1.774GiB / 32GiB
{.Container}},0.49%,1.774GiB / 32GiB
{.Container}},0.47%,1.774GiB / 32GiB
{.Container}},0.44%,1.774GiB / 32GiB
{.Container}},0.43%,1.774GiB / 32GiB
{.Container}},0.43%,1.774GiB / 32GiB
{.Container}},0.46%,1.774GiB / 32GiB
{.Container}},2.58%,1.775GiB / 32GiB
{.Container}},0.44%,1.774GiB / 32GiB
{.Container}},0.45%,1.774GiB / 32GiB
{.Container}},0.46%,1.774GiB / 32GiB
{.Container}},0.44%,1.774GiB / 32GiB
{.Container}},0.44%,1.774GiB / 32GiB
{.Container}},0.45%,1.774GiB / 32GiB
{.Container}},0.43%,1.774GiB / 32GiB
{.Container}},0.42%,1.774GiB / 32GiB
{.Container}},0.43%,1.774GiB / 32GiB
{.Container}},0.43%,1.774GiB / 32GiB
{.Container}},0.43%,1.774GiB / 32GiB
{.Container}},0.44%,1.774GiB / 32GiB
{.Container}},0.42%,1.774GiB / 32GiB
{.Container}},0.43%,1.774GiB / 32GiB
{.Container}},0.43%,1.774GiB / 32GiB
{.Container}},0.44%,1.774GiB / 32GiB
{.Container}},0.41%,1.774GiB / 32GiB
{.Container}},0.46%,1.774GiB / 32GiB
{.Container}},0.43%,1.774GiB / 32GiB
{.Container}},0.45%,1.774GiB / 32GiB
{.Container}},1.02%,1.774GiB / 32GiB
{.Container}},0.44%,1.774GiB / 32GiB
{.Container}},0.43%,1.774GiB / 32GiB
{.Container}},0.43%,1.774GiB / 32GiB
{.Container}},0.42%,1.774GiB / 32GiB
{.Container}},0.43%,1.774GiB / 32GiB
{.Container}},0.43%,1.774GiB / 32GiB
{.Container}},0.45%,1.774GiB / 32GiB
{.Container}},0.44%,1.774GiB / 32GiB
{.Container}},0.42%,1.774GiB / 32GiB
{.Container}},0.43%,1.774GiB / 32GiB
{.Container}},0.44%,1.774GiB / 32GiB
{.Container}},0.43%,1.774GiB / 32GiB
{.Container}},0.45%,1.774GiB / 32GiB
{.Container}},0.44%,1.774GiB / 32GiB
{.Container}},0.45%,1.774GiB / 32GiB
{.Container}},0.46%,1.774GiB / 32GiB
{.Container}},0.45%,1.774GiB / 32GiB
{.Container}},0.45%,1.774GiB / 32GiB
{.Container}},2.10%,1.774GiB / 32GiB
{.Container}},37.79%,1.761GiB / 32GiB
{.Container}},2.02%,35.89MiB / 32GiB
{.Container}},1.95%,35.89MiB / 32GiB
{.Container}},100.04%,344.8MiB / 32GiB
{.Container}},99.93%,1.22GiB / 32GiB
{.Container}},4792.61%,3.405GiB / 32GiB
{.Container}},0.43%,1.516GiB / 32GiB
{.Container}},10.55%,1.749GiB / 32GiB
{.Container}},0.41%,1.749GiB / 32GiB
{.Container}},0.46%,1.749GiB / 32GiB
{.Container}},0.47%,1.749GiB / 32GiB
{.Container}},0.49%,1.749GiB / 32GiB
{.Container}},0.83%,3.046GiB / 32GiB
{.Container}},0.40%,3.046GiB / 32GiB
{.Container}},0.37%,3.06GiB / 32GiB
{.Container}},3248.71%,4.111GiB / 32GiB
{.Container}},0.38%,3.093GiB / 32GiB
{.Container}},0.39%,3.092GiB / 32GiB
{.Container}},0.41%,3.092GiB / 32GiB
{.Container}},2030.28%,4.235GiB / 32GiB
{.Container}},2.34%,4.233GiB / 32GiB
{.Container}},3945.25%,4.315GiB / 32GiB
{.Container}},100.95%,3.614GiB / 32GiB
{.Container}},3216.64%,4.293GiB / 32GiB
{.Container}},0.38%,3.304GiB / 32GiB
{.Container}},0.44%,3.304GiB / 32GiB
{.Container}},0.35%,3.304GiB / 32GiB
{.Container}},0.38%,3.304GiB / 32GiB
{.Container}},0.38%,3.304GiB / 32GiB
{.Container}},0.39%,3.304GiB / 32GiB
{.Container}},0.43%,3.304GiB / 32GiB
{.Container}},0.41%,3.304GiB / 32GiB
{.Container}},0.40%,3.304GiB / 32GiB
{.Container}},0.42%,3.304GiB / 32GiB
{.Container}},0.40%,3.304GiB / 32GiB
{.Container}},0.39%,3.304GiB / 32GiB
{.Container}},0.39%,3.304GiB / 32GiB
{.Container}},0.40%,3.304GiB / 32GiB
{.Container}},0.39%,3.304GiB / 32GiB
{.Container}},0.40%,3.304GiB / 32GiB
{.Container}},0.41%,3.304GiB / 32GiB
{.Container}},0.40%,3.304GiB / 32GiB
{.Container}},0.40%,3.304GiB / 32GiB
{.Container}},0.40%,3.304GiB / 32GiB
{.Container}},0.41%,3.304GiB / 32GiB
{.Container}},0.40%,3.304GiB / 32GiB
{.Container}},0.37%,3.304GiB / 32GiB
{.Container}},0.39%,3.304GiB / 32GiB
{.Container}},0.39%,3.304GiB / 32GiB
{.Container}},0.40%,3.304GiB / 32GiB
{.Container}},0.40%,3.304GiB / 32GiB
{.Container}},0.40%,3.304GiB / 32GiB
{.Container}},0.39%,3.304GiB / 32GiB
{.Container}},0.42%,3.304GiB / 32GiB
{.Container}},0.40%,3.304GiB / 32GiB
{.Container}},0.40%,3.304GiB / 32GiB
{.Container}},0.39%,3.304GiB / 32GiB
{.Container}},0.40%,3.304GiB / 32GiB
{.Container}},0.39%,3.304GiB / 32GiB
{.Container}},0.40%,3.304GiB / 32GiB
{.Container}},0.41%,3.304GiB / 32GiB
{.Container}},0.40%,3.304GiB / 32GiB
{.Container}},0.43%,3.304GiB / 32GiB
{.Container}},0.39%,3.304GiB / 32GiB
{.Container}},0.48%,3.304GiB / 32GiB
{.Container}},0.44%,3.304GiB / 32GiB
{.Container}},0.44%,3.304GiB / 32GiB
{.Container}},0.44%,3.304GiB / 32GiB
{.Container}},0.45%,3.304GiB / 32GiB
{.Container}},0.45%,3.304GiB / 32GiB
{.Container}},0.44%,3.304GiB / 32GiB
{.Container}},0.47%,3.304GiB / 32GiB
{.Container}},0.44%,3.304GiB / 32GiB
{.Container}},0.44%,3.304GiB / 32GiB
{.Container}},0.45%,3.304GiB / 32GiB
{.Container}},0.45%,3.304GiB / 32GiB
{.Container}},0.44%,3.304GiB / 32GiB
{.Container}},0.45%,3.304GiB / 32GiB
{.Container}},0.45%,3.304GiB / 32GiB
{.Container}},0.43%,3.304GiB / 32GiB
{.Container}},0.43%,3.304GiB / 32GiB
{.Container}},0.44%,3.304GiB / 32GiB
{.Container}},0.44%,3.304GiB / 32GiB
{.Container}},0.44%,3.304GiB / 32GiB
{.Container}},0.44%,3.304GiB / 32GiB
{.Container}},0.45%,3.304GiB / 32GiB
{.Container}},0.44%,3.304GiB / 32GiB
{.Container}},0.44%,3.304GiB / 32GiB
{.Container}},0.46%,3.304GiB / 32GiB
{.Container}},0.45%,3.304GiB / 32GiB
{.Container}},0.43%,3.304GiB / 32GiB
{.Container}},0.44%,3.304GiB / 32GiB
{.Container}},0.46%,3.304GiB / 32GiB
{.Container}},0.44%,3.304GiB / 32GiB
{.Container}},0.43%,3.304GiB / 32GiB
{.Container}},0.43%,3.304GiB / 32GiB
{.Container}},1.03%,3.304GiB / 32GiB
{.Container}},0.43%,3.304GiB / 32GiB
{.Container}},0.42%,3.304GiB / 32GiB
{.Container}},0.43%,3.304GiB / 32GiB
{.Container}},0.44%,3.304GiB / 32GiB
{.Container}},0.43%,3.304GiB / 32GiB
{.Container}},0.39%,3.304GiB / 32GiB
{.Container}},0.47%,3.304GiB / 32GiB
{.Container}},0.45%,3.304GiB / 32GiB
{.Container}},0.46%,3.304GiB / 32GiB
{.Container}},0.45%,3.304GiB / 32GiB
{.Container}},0.45%,3.304GiB / 32GiB
{.Container}},0.45%,3.304GiB / 32GiB
{.Container}},0.44%,3.304GiB / 32GiB
{.Container}},0.46%,3.304GiB / 32GiB
{.Container}},0.42%,3.304GiB / 32GiB
{.Container}},0.44%,3.304GiB / 32GiB
{.Container}},0.45%,3.304GiB / 32GiB
{.Container}},0.43%,3.304GiB / 32GiB
{.Container}},0.42%,3.304GiB / 32GiB
{.Container}},0.44%,3.304GiB / 32GiB
{.Container}},0.43%,3.304GiB / 32GiB
{.Container}},0.43%,3.304GiB / 32GiB
{.Container}},0.44%,3.304GiB / 32GiB
{.Container}},0.43%,3.304GiB / 32GiB
{.Container}},0.44%,3.304GiB / 32GiB
{.Container}},0.45%,3.304GiB / 32GiB
{.Container}},0.47%,3.304GiB / 32GiB
{.Container}},0.43%,3.304GiB / 32GiB
{.Container}},0.44%,3.304GiB / 32GiB
{.Container}},0.44%,3.304GiB / 32GiB
{.Container}},0.43%,3.304GiB / 32GiB
{.Container}},0.45%,3.304GiB / 32GiB
{.Container}},0.45%,3.304GiB / 32GiB
{.Container}},0.44%,3.304GiB / 32GiB
{.Container}},0.44%,3.304GiB / 32GiB
{.Container}},0.45%,3.304GiB / 32GiB
{.Container}},0.44%,3.304GiB / 32GiB
{.Container}},0.44%,3.304GiB / 32GiB
{.Container}},0.43%,3.304GiB / 32GiB
{.Container}},0.43%,3.304GiB / 32GiB
{.Container}},0.44%,3.304GiB / 32GiB
{.Container}},0.43%,3.304GiB / 32GiB
{.Container}},0.43%,3.304GiB / 32GiB
{.Container}},0.43%,3.304GiB / 32GiB
{.Container}},0.40%,3.304GiB / 32GiB
{.Container}},0.49%,3.304GiB / 32GiB
{.Container}},0.44%,3.304GiB / 32GiB
{.Container}},0.40%,3.304GiB / 32GiB
{.Container}},0.42%,3.304GiB / 32GiB
{.Container}},0.43%,3.304GiB / 32GiB
{.Container}},0.39%,3.304GiB / 32GiB
{.Container}},0.43%,3.304GiB / 32GiB
{.Container}},0.45%,3.304GiB / 32GiB
{.Container}},0.43%,3.304GiB / 32GiB
{.Container}},0.43%,3.304GiB / 32GiB
{.Container}},0.43%,3.304GiB / 32GiB
{.Container}},0.43%,3.304GiB / 32GiB
{.Container}},0.43%,3.304GiB / 32GiB
{.Container}},0.44%,3.304GiB / 32GiB
{.Container}},0.44%,3.304GiB / 32GiB
{.Container}},0.43%,3.304GiB / 32GiB
{.Container}},0.45%,3.304GiB / 32GiB
{.Container}},0.43%,3.304GiB / 32GiB
{.Container}},0.43%,3.304GiB / 32GiB
{.Container}},0.43%,3.304GiB / 32GiB
{.Container}},0.43%,3.304GiB / 32GiB
{.Container}},0.46%,3.304GiB / 32GiB
{.Container}},0.47%,3.304GiB / 32GiB
{.Container}},0.46%,3.304GiB / 32GiB
{.Container}},0.46%,3.304GiB / 32GiB
{.Container}},0.45%,3.304GiB / 32GiB
{.Container}},0.38%,3.304GiB / 32GiB
{.Container}},0.45%,3.304GiB / 32GiB
{.Container}},0.46%,3.304GiB / 32GiB
{.Container}},0.45%,3.304GiB / 32GiB
{.Container}},0.46%,3.304GiB / 32GiB
{.Container}},0.44%,3.304GiB / 32GiB
{.Container}},0.45%,3.304GiB / 32GiB
{.Container}},0.46%,3.304GiB / 32GiB
{.Container}},0.46%,3.304GiB / 32GiB
{.Container}},0.46%,3.304GiB / 32GiB
{.Container}},0.45%,3.304GiB / 32GiB
{.Container}},0.44%,3.304GiB / 32GiB
{.Container}},0.50%,3.304GiB / 32GiB
{.Container}},0.45%,3.304GiB / 32GiB
{.Container}},0.50%,3.304GiB / 32GiB
{.Container}},0.46%,3.304GiB / 32GiB
{.Container}},0.52%,3.304GiB / 32GiB
{.Container}},0.50%,3.304GiB / 32GiB
{.Container}},0.49%,3.304GiB / 32GiB
{.Container}},0.48%,3.304GiB / 32GiB
{.Container}},0.54%,3.304GiB / 32GiB
{.Container}},0.52%,3.304GiB / 32GiB
{.Container}},0.49%,3.304GiB / 32GiB
{.Container}},0.49%,3.304GiB / 32GiB
{.Container}},0.53%,3.304GiB / 32GiB
{.Container}},0.49%,3.304GiB / 32GiB
{.Container}},2.42%,3.304GiB / 32GiB
{.Container}},0.47%,3.304GiB / 32GiB
{.Container}},0.48%,3.304GiB / 32GiB
{.Container}},0.48%,3.304GiB / 32GiB
{.Container}},0.45%,3.304GiB / 32GiB
{.Container}},100.10%,234.3MiB / 32GiB
{.Container}},100.48%,1.779GiB / 32GiB
{.Container}},100.15%,2.003GiB / 32GiB
{.Container}},2.79%,1.701GiB / 32GiB
{.Container}},1730.56%,3.055GiB / 32GiB
{.Container}},4.34%,3.053GiB / 32GiB
{.Container}},2.86%,3.053GiB / 32GiB
{.Container}},71.08%,3.082GiB / 32GiB
{.Container}},897.43%,3.106GiB / 32GiB
{.Container}},4412.85%,3.133GiB / 32GiB
{.Container}},2.95%,3.146GiB / 32GiB
{.Container}},2.96%,3.145GiB / 32GiB
{.Container}},81.85%,2.308GiB / 32GiB
{.Container}},2.84%,3.17GiB / 32GiB
{.Container}},2.94%,3.169GiB / 32GiB
{.Container}},100.39%,2.49GiB / 32GiB
{.Container}},2.74%,3.19GiB / 32GiB
{.Container}},2.90%,3.19GiB / 32GiB
{.Container}},100.69%,2.702GiB / 32GiB
{.Container}},2.93%,3.226GiB / 32GiB
{.Container}},3.00%,3.225GiB / 32GiB
{.Container}},24.62%,3.225GiB / 32GiB
{.Container}},2.99%,3.247GiB / 32GiB
{.Container}},2.99%,3.247GiB / 32GiB
{.Container}},3.04%,3.246GiB / 32GiB
{.Container}},2.83%,3.266GiB / 32GiB
{.Container}},2.97%,3.265GiB / 32GiB
{.Container}},2.96%,3.265GiB / 32GiB
{.Container}},0.46%,3.265GiB / 32GiB
{.Container}},0.46%,3.265GiB / 32GiB
{.Container}},0.43%,3.267GiB / 32GiB
{.Container}},4278.48%,3.426GiB / 32GiB
{.Container}},0.45%,3.423GiB / 32GiB
{.Container}},0.45%,3.423GiB / 32GiB
{.Container}},5.70%,4.335GiB / 32GiB
{.Container}},4070.67%,10.52GiB / 32GiB
{.Container}},1008.19%,5.709GiB / 32GiB
{.Container}},1770.58%,13.17GiB / 32GiB
{.Container}},0.45%,11.48GiB / 32GiB
{.Container}},914.31%,11.48GiB / 32GiB
{.Container}},0.44%,11.48GiB / 32GiB
{.Container}},4136.17%,11.48GiB / 32GiB
{.Container}},4724.85%,19.69GiB / 32GiB
{.Container}},0.44%,11.48GiB / 32GiB
{.Container}},0.45%,11.48GiB / 32GiB
{.Container}},0.46%,11.48GiB / 32GiB
{.Container}},0.44%,11.48GiB / 32GiB
{.Container}},0.45%,11.48GiB / 32GiB
{.Container}},0.44%,11.48GiB / 32GiB
{.Container}},4801.89%,11.56GiB / 32GiB
{.Container}},4801.42%,11.88GiB / 32GiB
{.Container}},3747.12%,18.9GiB / 32GiB
{.Container}},0.44%,11.48GiB / 32GiB
{.Container}},0.80%,11.48GiB / 32GiB
{.Container}},0.43%,11.48GiB / 32GiB
{.Container}},33.87%,11.62GiB / 32GiB
{.Container}},47.79%,12.89GiB / 32GiB
{.Container}},17.35%,13.35GiB / 32GiB
{.Container}},28.23%,13.48GiB / 32GiB
{.Container}},101.23%,13.48GiB / 32GiB
{.Container}},105.59%,25.87GiB / 32GiB
{.Container}},1014.92%,16.84GiB / 32GiB
{.Container}},0.47%,16.84GiB / 32GiB
{.Container}},0.45%,16.84GiB / 32GiB
{.Container}},0.45%,16.84GiB / 32GiB
{.Container}},0.47%,16.84GiB / 32GiB
{.Container}},0.47%,16.84GiB / 32GiB
{.Container}},0.47%,16.84GiB / 32GiB
{.Container}},0.46%,16.84GiB / 32GiB
{.Container}},0.45%,16.84GiB / 32GiB
{.Container}},0.45%,16.84GiB / 32GiB
{.Container}},0.44%,16.84GiB / 32GiB
{.Container}},0.47%,16.84GiB / 32GiB
{.Container}},0.47%,16.84GiB / 32GiB
{.Container}},0.44%,16.84GiB / 32GiB
{.Container}},0.44%,16.84GiB / 32GiB
{.Container}},0.44%,16.84GiB / 32GiB
{.Container}},0.45%,16.84GiB / 32GiB
{.Container}},0.46%,16.84GiB / 32GiB
{.Container}},0.44%,16.84GiB / 32GiB
{.Container}},0.46%,16.84GiB / 32GiB
{.Container}},0.46%,16.84GiB / 32GiB
{.Container}},0.47%,16.84GiB / 32GiB
{.Container}},0.46%,16.84GiB / 32GiB
{.Container}},2.03%,36.16MiB / 32GiB
{.Container}},1.98%,35.91MiB / 32GiB
{.Container}},1.98%,35.91MiB / 32GiB
{.Container}},2.02%,35.91MiB / 32GiB
{.Container}},1.96%,35.91MiB / 32GiB
{.Container}},1.96%,35.91MiB / 32GiB
{.Container}},80.39%,134.8MiB / 32GiB
{.Container}},100.44%,345.6MiB / 32GiB
{.Container}},101.76%,2.369GiB / 32GiB
{.Container}},100.84%,1.849GiB / 32GiB
{.Container}},100.32%,3.987GiB / 32GiB
{.Container}},100.27%,1.535GiB / 32GiB
{.Container}},0.44%,1.739GiB / 32GiB
{.Container}},0.44%,1.739GiB / 32GiB
{.Container}},0.47%,1.739GiB / 32GiB
{.Container}},3992.75%,3.085GiB / 32GiB
{.Container}},2.70%,3.083GiB / 32GiB
{.Container}},2.79%,3.082GiB / 32GiB
{.Container}},2.81%,3.082GiB / 32GiB
{.Container}},2.74%,3.082GiB / 32GiB
{.Container}},16.19%,3.082GiB / 32GiB
{.Container}},28.44%,3.112GiB / 32GiB
{.Container}},55.14%,1.988GiB / 32GiB
{.Container}},37.57%,3.135GiB / 32GiB
{.Container}},100.40%,2.47GiB / 32GiB
{.Container}},35.95%,3.176GiB / 32GiB
{.Container}},20.73%,3.174GiB / 32GiB
{.Container}},2.73%,3.174GiB / 32GiB
{.Container}},2.86%,3.174GiB / 32GiB
{.Container}},71.78%,3.2GiB / 32GiB
{.Container}},2.83%,3.199GiB / 32GiB
{.Container}},2.82%,3.199GiB / 32GiB
{.Container}},2.95%,3.199GiB / 32GiB
{.Container}},2.87%,3.199GiB / 32GiB
{.Container}},1792.19%,3.216GiB / 32GiB
{.Container}},2.78%,3.22GiB / 32GiB
{.Container}},2.70%,3.22GiB / 32GiB
{.Container}},2.84%,3.22GiB / 32GiB
{.Container}},2.73%,3.22GiB / 32GiB
{.Container}},2.87%,3.22GiB / 32GiB
{.Container}},2091.80%,3.257GiB / 32GiB
{.Container}},2.69%,3.255GiB / 32GiB
{.Container}},2.78%,3.255GiB / 32GiB
{.Container}},2.83%,3.255GiB / 32GiB
{.Container}},2.16%,3.255GiB / 32GiB
{.Container}},13.84%,3.254GiB / 32GiB
{.Container}},72.92%,3.277GiB / 32GiB
{.Container}},2.82%,3.276GiB / 32GiB
{.Container}},2.70%,3.276GiB / 32GiB
{.Container}},2.93%,3.276GiB / 32GiB
{.Container}},2.91%,3.276GiB / 32GiB
{.Container}},92.13%,2.527GiB / 32GiB
{.Container}},2.96%,3.295GiB / 32GiB
{.Container}},3.04%,3.295GiB / 32GiB
{.Container}},2.38%,3.295GiB / 32GiB
{.Container}},2.95%,3.295GiB / 32GiB
{.Container}},2.87%,3.295GiB / 32GiB
{.Container}},4738.83%,11.64GiB / 32GiB
{.Container}},4799.91%,11.84GiB / 32GiB
{.Container}},3634.78%,12.03GiB / 32GiB
{.Container}},2469.36%,11.56GiB / 32GiB
{.Container}},43.69%,11.55GiB / 32GiB
{.Container}},77.10%,11.55GiB / 32GiB
{.Container}},38.57%,11.55GiB / 32GiB
{.Container}},68.04%,11.55GiB / 32GiB
{.Container}},42.74%,11.55GiB / 32GiB
{.Container}},4.49%,11.55GiB / 32GiB
{.Container}},99.56%,11.55GiB / 32GiB
{.Container}},29.99%,11.55GiB / 32GiB
{.Container}},1.42%,11.55GiB / 32GiB
{.Container}},2022.84%,10.64GiB / 32GiB
{.Container}},15.40%,10.64GiB / 32GiB
{.Container}},2.62%,10.64GiB / 32GiB
{.Container}},5.71%,10.64GiB / 32GiB
{.Container}},888.04%,10.64GiB / 32GiB
{.Container}},2.84%,10.64GiB / 32GiB
{.Container}},2.83%,10.64GiB / 32GiB
{.Container}},2.81%,10.64GiB / 32GiB
{.Container}},2.82%,10.64GiB / 32GiB
{.Container}},2654.01%,10.64GiB / 32GiB
{.Container}},2.67%,10.64GiB / 32GiB
{.Container}},1.99%,10.64GiB / 32GiB
{.Container}},2.91%,10.64GiB / 32GiB
{.Container}},3.21%,10.64GiB / 32GiB
{.Container}},100.67%,10.48GiB / 32GiB
{.Container}},2.78%,10.64GiB / 32GiB
{.Container}},2.70%,10.64GiB / 32GiB
{.Container}},2.70%,10.64GiB / 32GiB
{.Container}},2.88%,10.64GiB / 32GiB
{.Container}},2.83%,10.64GiB / 32GiB
{.Container}},6.96%,10.64GiB / 32GiB
{.Container}},794.95%,10.64GiB / 32GiB
{.Container}},2.93%,10.64GiB / 32GiB
{.Container}},3.04%,10.64GiB / 32GiB
{.Container}},2.97%,10.64GiB / 32GiB
{.Container}},3.01%,10.64GiB / 32GiB
{.Container}},28.04%,9.679GiB / 32GiB
{.Container}},2.91%,10.64GiB / 32GiB
{.Container}},2.87%,10.64GiB / 32GiB
{.Container}},2.87%,10.64GiB / 32GiB
{.Container}},2.92%,10.64GiB / 32GiB
{.Container}},2.94%,10.64GiB / 32GiB
{.Container}},223.01%,10.64GiB / 32GiB
{.Container}},2.91%,10.64GiB / 32GiB
{.Container}},3.00%,10.64GiB / 32GiB
{.Container}},2.92%,10.64GiB / 32GiB
{.Container}},2.90%,10.64GiB / 32GiB
{.Container}},1973.38%,10.64GiB / 32GiB
{.Container}},2.75%,10.64GiB / 32GiB
{.Container}},2.83%,10.64GiB / 32GiB
{.Container}},2.37%,10.64GiB / 32GiB
{.Container}},2.93%,10.64GiB / 32GiB
{.Container}},628.67%,12.06GiB / 32GiB
{.Container}},4829.26%,11.65GiB / 32GiB
{.Container}},3446.58%,11.83GiB / 32GiB
{.Container}},101.43%,11.5GiB / 32GiB
{.Container}},100.57%,11.5GiB / 32GiB
{.Container}},10.72%,11.5GiB / 32GiB
{.Container}},100.56%,11.5GiB / 32GiB
{.Container}},11.14%,11.5GiB / 32GiB
{.Container}},101.50%,11.5GiB / 32GiB
{.Container}},27.55%,11.5GiB / 32GiB
{.Container}},19.75%,11.5GiB / 32GiB
{.Container}},1794.03%,8.003GiB / 32GiB
{.Container}},2.96%,8.003GiB / 32GiB
{.Container}},2.79%,8.003GiB / 32GiB
{.Container}},16.53%,8.003GiB / 32GiB
{.Container}},2.83%,8.003GiB / 32GiB
{.Container}},72.63%,7.36GiB / 32GiB
{.Container}},2.73%,8.003GiB / 32GiB
{.Container}},2.80%,8.003GiB / 32GiB
{.Container}},2.94%,8.003GiB / 32GiB
{.Container}},2.86%,8.003GiB / 32GiB
{.Container}},2.90%,8.003GiB / 32GiB
{.Container}},65.68%,8.003GiB / 32GiB
{.Container}},2.86%,8.003GiB / 32GiB
{.Container}},2.84%,8.003GiB / 32GiB
{.Container}},2.77%,8.003GiB / 32GiB
{.Container}},2.75%,8.003GiB / 32GiB
{.Container}},2858.29%,8.003GiB / 32GiB
{.Container}},2.82%,8.003GiB / 32GiB
{.Container}},3.01%,8.003GiB / 32GiB
{.Container}},2.81%,8.003GiB / 32GiB
{.Container}},2.72%,8.003GiB / 32GiB
{.Container}},65.04%,7.229GiB / 32GiB
{.Container}},2.85%,8.003GiB / 32GiB
{.Container}},2.85%,8.003GiB / 32GiB
{.Container}},2.86%,8.003GiB / 32GiB
{.Container}},2.81%,8.003GiB / 32GiB
{.Container}},2.84%,8.003GiB / 32GiB
{.Container}},64.83%,8.003GiB / 32GiB
{.Container}},2.71%,8.003GiB / 32GiB
{.Container}},2.66%,8.003GiB / 32GiB
{.Container}},2.81%,8.003GiB / 32GiB
{.Container}},2.99%,8.003GiB / 32GiB
{.Container}},2879.39%,8.003GiB / 32GiB
{.Container}},2.73%,8.003GiB / 32GiB
{.Container}},2.78%,8.003GiB / 32GiB
{.Container}},2.88%,8.003GiB / 32GiB
{.Container}},2.84%,8.003GiB / 32GiB
{.Container}},87.51%,7.617GiB / 32GiB
{.Container}},2.80%,8.003GiB / 32GiB
{.Container}},2.81%,8.003GiB / 32GiB
{.Container}},2.79%,8.003GiB / 32GiB
{.Container}},2.87%,8.003GiB / 32GiB
{.Container}},2.85%,8.003GiB / 32GiB
{.Container}},66.97%,8.003GiB / 32GiB
{.Container}},4778.81%,11.62GiB / 32GiB
{.Container}},4799.88%,11.8GiB / 32GiB
{.Container}},4793.86%,11.98GiB / 32GiB
{.Container}},4096.27%,12.16GiB / 32GiB
{.Container}},677.78%,10.23GiB / 32GiB
{.Container}},0.44%,1.901GiB / 32GiB
{.Container}},0.44%,1.9GiB / 32GiB
{.Container}},0.46%,1.9GiB / 32GiB
{.Container}},0.45%,1.9GiB / 32GiB
{.Container}},6.35%,1.9GiB / 32GiB
{.Container}},0.44%,1.9GiB / 32GiB
{.Container}},0.44%,1.9GiB / 32GiB
{.Container}},0.43%,1.902GiB / 32GiB
{.Container}},6.62%,1.903GiB / 32GiB
{.Container}},0.45%,1.903GiB / 32GiB
{.Container}},0.45%,1.903GiB / 32GiB
{.Container}},0.45%,1.903GiB / 32GiB
{.Container}},1.24%,1.903GiB / 32GiB
{.Container}},5.98%,1.904GiB / 32GiB
{.Container}},0.49%,1.904GiB / 32GiB
{.Container}},0.44%,1.904GiB / 32GiB
{.Container}},0.44%,1.904GiB / 32GiB
{.Container}},0.43%,1.903GiB / 32GiB
{.Container}},0.47%,1.903GiB / 32GiB
{.Container}},0.42%,1.903GiB / 32GiB
{.Container}},2.21%,1.904GiB / 32GiB
{.Container}},2.06%,1.905GiB / 32GiB
{.Container}},0.43%,1.904GiB / 32GiB
{.Container}},0.41%,1.963GiB / 32GiB
{.Container}},8.03%,1.963GiB / 32GiB
{.Container}},0.43%,1.963GiB / 32GiB
{.Container}},0.45%,1.963GiB / 32GiB
{.Container}},9.37%,1.963GiB / 32GiB
{.Container}},0.45%,1.963GiB / 32GiB
{.Container}},0.45%,1.963GiB / 32GiB
{.Container}},0.50%,1.963GiB / 32GiB
{.Container}},0.50%,1.963GiB / 32GiB
{.Container}},0.51%,1.963GiB / 32GiB
{.Container}},1.44%,1.963GiB / 32GiB
{.Container}},0.47%,1.963GiB / 32GiB
{.Container}},0.44%,1.963GiB / 32GiB
{.Container}},0.47%,1.963GiB / 32GiB
{.Container}},0.47%,1.963GiB / 32GiB
{.Container}},0.45%,1.963GiB / 32GiB
{.Container}},0.45%,1.963GiB / 32GiB
{.Container}},0.44%,1.963GiB / 32GiB
{.Container}},0.48%,1.963GiB / 32GiB
{.Container}},0.52%,1.963GiB / 32GiB
{.Container}},0.48%,1.963GiB / 32GiB
{.Container}},0.46%,1.963GiB / 32GiB
{.Container}},0.47%,1.963GiB / 32GiB
{.Container}},0.45%,1.963GiB / 32GiB
{.Container}},0.46%,1.963GiB / 32GiB
{.Container}},0.45%,1.963GiB / 32GiB
{.Container}},2.05%,36.23MiB / 32GiB
{.Container}},1.97%,35.92MiB / 32GiB
{.Container}},2.03%,35.92MiB / 32GiB
{.Container}},2.01%,35.92MiB / 32GiB
{.Container}},1.94%,35.92MiB / 32GiB
{.Container}},53.31%,80.59MiB / 32GiB
{.Container}},668.99%,335.2MiB / 32GiB
{.Container}},100.87%,2.076GiB / 32GiB
{.Container}},100.53%,1.979GiB / 32GiB
{.Container}},100.40%,2.123GiB / 32GiB
{.Container}},100.63%,1.704GiB / 32GiB
{.Container}},1222.55%,11.1GiB / 32GiB
{.Container}},1214.13%,9.96GiB / 32GiB
{.Container}},1227.40%,9.96GiB / 32GiB
{.Container}},4798.45%,19.47GiB / 32GiB
{.Container}},4769.02%,19.63GiB / 32GiB
{.Container}},4777.69%,19.8GiB / 32GiB
{.Container}},2087.44%,19.95GiB / 32GiB
{.Container}},1239.25%,17.31GiB / 32GiB
{.Container}},1234.86%,17.54GiB / 32GiB
{.Container}},1236.75%,17.82GiB / 32GiB
{.Container}},4817.20%,19.42GiB / 32GiB
{.Container}},4837.43%,19.6GiB / 32GiB
{.Container}},762.68%,15.67GiB / 32GiB
{.Container}},631.75%,15.81GiB / 32GiB
{.Container}},1202.49%,15.55GiB / 32GiB
{.Container}},4756.86%,19.4GiB / 32GiB
{.Container}},4810.43%,19.58GiB / 32GiB
{.Container}},4819.11%,19.77GiB / 32GiB
{.Container}},4799.94%,19.95GiB / 32GiB
{.Container}},2943.06%,12.96GiB / 32GiB
{.Container}},101.60%,2.155GiB / 32GiB
{.Container}},100.49%,1.369GiB / 32GiB
{.Container}},1987.78%,5.605GiB / 32GiB
{.Container}},1215.49%,5.881GiB / 32GiB
{.Container}},4817.88%,10.22GiB / 32GiB
{.Container}},821.74%,8.767GiB / 32GiB
{.Container}},4743.87%,10.11GiB / 32GiB
{.Container}},4787.31%,10.29GiB / 32GiB
{.Container}},1025.58%,1.653GiB / 32GiB
{.Container}},1325.34%,4.05GiB / 32GiB
{.Container}},1241.45%,4.826GiB / 32GiB
{.Container}},493.52%,4.051GiB / 32GiB
{.Container}},4706.14%,5.707GiB / 32GiB
{.Container}},1412.27%,3.525GiB / 32GiB
{.Container}},1224.02%,3.15GiB / 32GiB
{.Container}},3505.87%,1.195GiB / 32GiB
{.Container}},1229.26%,3.101GiB / 32GiB
{.Container}},3024.54%,5.886GiB / 32GiB
{.Container}},2853.31%,1.176GiB / 32GiB
{.Container}},0.00%,0B / 0B
{.Container}},669.51%,342.4MiB / 32GiB
{.Container}},100.22%,437.7MiB / 32GiB
{.Container}},99.75%,531.1MiB / 32GiB
{.Container}},2772.12%,4.517GiB / 32GiB
{.Container}},93.51%,741.8MiB / 32GiB
{.Container}},99.78%,238.2MiB / 32GiB
{.Container}},99.79%,1.92GiB / 32GiB
{.Container}},100.21%,741.7MiB / 32GiB
{.Container}},99.79%,1.417GiB / 32GiB
{.Container}},99.89%,1.584GiB / 32GiB
{.Container}},96.79%,1.589GiB / 32GiB
{.Container}},100.34%,1.589GiB / 32GiB
{.Container}},100.33%,2.101GiB / 32GiB
{.Container}},99.88%,909MiB / 32GiB
{.Container}},1028.39%,1.588GiB / 32GiB
{.Container}},99.92%,1.662GiB / 32GiB
{.Container}},99.89%,1.305GiB / 32GiB
{.Container}},1263.17%,1.307GiB / 32GiB
{.Container}},177.37%,1.292GiB / 32GiB
